<?xml version="1.0" encoding="UTF-8"?>
<!-- Generated by org.testng.reporters.JUnitXMLReporter -->
<testsuite ignored="0" hostname="DESKTOP-CHSPPV5" failures="0" tests="4" name="Default test" time="65.582" errors="0" timestamp="2021-01-10T16:50:27 IST">
  <testcase classname="testClass" name="addAddress" time="7.387"/>
  <testcase classname="testClass" name="addToCart" time="20.617"/>
  <testcase classname="testClass" name="checkout" time="13.107"/>
  <testcase classname="testClass" name="history" time="3.556"/>
</testsuite> <!-- Default test -->
