<?xml version="1.0" encoding="UTF-8"?>
<testng-results ignored="0" total="4" passed="4" failed="0" skipped="0">
  <reporter-output>
  </reporter-output>
  <suite started-at="2021-01-10T16:49:22 IST" name="Default suite" finished-at="2021-01-10T16:50:27 IST" duration-ms="65582">
    <groups>
    </groups>
    <test started-at="2021-01-10T16:49:22 IST" name="Default test" finished-at="2021-01-10T16:50:27 IST" duration-ms="65582">
      <class name="testClass">
        <test-method is-config="true" signature="initialization()[pri:0, instance:testClass@6b26e945]" started-at="2021-01-10T16:49:22 IST" name="initialization" finished-at="2021-01-10T16:49:39 IST" duration-ms="17405" status="PASS">
          <reporter-output>
          </reporter-output>
        </test-method> <!-- initialization -->
        <test-method signature="addAddress()[pri:1, instance:testClass@6b26e945]" started-at="2021-01-10T16:49:39 IST" name="addAddress" finished-at="2021-01-10T16:49:47 IST" duration-ms="7387" status="PASS">
          <reporter-output>
          </reporter-output>
        </test-method> <!-- addAddress -->
        <test-method signature="addToCart()[pri:2, instance:testClass@6b26e945]" started-at="2021-01-10T16:49:47 IST" name="addToCart" finished-at="2021-01-10T16:50:07 IST" duration-ms="20617" status="PASS">
          <reporter-output>
          </reporter-output>
        </test-method> <!-- addToCart -->
        <test-method signature="checkout()[pri:0, instance:testClass@6b26e945]" started-at="2021-01-10T16:50:07 IST" name="checkout" finished-at="2021-01-10T16:50:20 IST" depends-on-methods="testClass.addToCart" duration-ms="13107" status="PASS">
          <reporter-output>
          </reporter-output>
        </test-method> <!-- checkout -->
        <test-method signature="history()[pri:0, instance:testClass@6b26e945]" started-at="2021-01-10T16:50:20 IST" name="history" finished-at="2021-01-10T16:50:24 IST" depends-on-methods="testClass.checkout" duration-ms="3556" status="PASS">
          <reporter-output>
          </reporter-output>
        </test-method> <!-- history -->
        <test-method is-config="true" signature="finalise()[pri:0, instance:testClass@6b26e945]" started-at="2021-01-10T16:50:24 IST" name="finalise" finished-at="2021-01-10T16:50:27 IST" duration-ms="3450" status="PASS">
          <reporter-output>
          </reporter-output>
        </test-method> <!-- finalise -->
      </class> <!-- testClass -->
    </test> <!-- Default test -->
  </suite> <!-- Default suite -->
</testng-results>
